17:05:24.989 [main] INFO  es.cursojava.inicio.Clase1 - Pruebaaa Mario
17:12:34.779 [main] WARN  es.cursojava.inicio.Clase1 - Pruebaaa Mario
17:25:18.195 [main] DEBUG es.cursojava.inicio.Clase1 - Pruebaaa Mario
18:16:19.346 [main] DEBUG es.cursojava.inicio.Clase1 - Pruebaaa Mario
18:17:06.718 [main] DEBUG es.cursojava.inicio.Clase1 - Pruebaaa Mario
18:24:51.211 [main] INFO  es.cursojava.inicio.interfaces.ejercicio.gestionVehiculos.Platano - Consultando {}Platano por el id 01
18:24:51.215 [main] INFO  es.cursojava.inicio.interfaces.ejercicio.gestionVehiculos.Movil - Insertando movil {}Movil por el id 02
18:24:51.215 [main] INFO  es.cursojava.inicio.interfaces.ejercicio.gestionVehiculos.Coche - Actualizando coche {}Coche por el id 03
18:24:51.216 [main] INFO  es.cursojava.inicio.interfaces.ejercicio.gestionVehiculos.MountainBike - Eliminando bici {}MountainBike por el id 04
18:24:51.216 [main] INFO  es.cursojava.inicio.interfaces.ejercicio.gestionVehiculos.Movil - Encendiendo movil {}Movil
18:24:51.216 [main] INFO  es.cursojava.inicio.interfaces.ejercicio.gestionVehiculos.Coche - Apagando coche {}Coche
16:29:33.760 [main] INFO  es.cursojava.inicio.interfaces.ejercicio.gestionVehiculos.Platano - Consultando {}Platano por el id 01
16:29:33.764 [main] INFO  es.cursojava.inicio.interfaces.ejercicio.gestionVehiculos.Movil - Insertando movil {}Movil por el id 02
16:29:33.765 [main] INFO  es.cursojava.inicio.interfaces.ejercicio.gestionVehiculos.Coche - Actualizando coche {}Coche por el id 03
16:29:33.765 [main] INFO  es.cursojava.inicio.interfaces.ejercicio.gestionVehiculos.MountainBike - Eliminando bici {}MountainBike por el id 04
16:29:33.765 [main] INFO  es.cursojava.inicio.interfaces.ejercicio.gestionVehiculos.Movil - Encendiendo movil {}Movil
16:29:33.766 [main] INFO  es.cursojava.inicio.interfaces.ejercicio.gestionVehiculos.Coche - Apagando coche {}Coche
16:38:29.779 [main] INFO  es.cursojava.inicio.interfaces.ejercicio.gestionVehiculos.Platano - Consultando {}Platano por el id 01
16:38:29.783 [main] INFO  es.cursojava.inicio.interfaces.ejercicio.gestionVehiculos.Movil - Insertando {}Movil por el id 02
16:38:29.784 [main] INFO  es.cursojava.inicio.interfaces.ejercicio.gestionVehiculos.Coche - Actualizando {}Coche por el id 03
16:38:29.784 [main] INFO  es.cursojava.inicio.interfaces.ejercicio.gestionVehiculos.MountainBike - Eliminando {}MountainBike por el id 04
16:38:29.784 [main] INFO  es.cursojava.inicio.interfaces.ejercicio.gestionVehiculos.Movil - Encendiendo {}Movil
16:38:29.784 [main] INFO  es.cursojava.inicio.interfaces.ejercicio.gestionVehiculos.Coche - Apagando {}Coche
16:43:36.352 [main] INFO  es.cursojava.inicio.interfaces.ejercicio.gestionVehiculos.Platano - Consultando {}Platano por el id 01
16:43:36.356 [main] INFO  es.cursojava.inicio.interfaces.ejercicio.gestionVehiculos.Movil - Insertando {}Movil por el id 02
16:43:36.356 [main] INFO  es.cursojava.inicio.interfaces.ejercicio.gestionVehiculos.Coche - Actualizando {}Coche por el id 03
16:43:36.357 [main] INFO  es.cursojava.inicio.interfaces.ejercicio.gestionVehiculos.MountainBike - Eliminando {}MountainBike por el id 04
16:43:36.357 [main] INFO  es.cursojava.inicio.interfaces.ejercicio.gestionVehiculos.Movil - Encendiendo {}Movil
16:43:36.357 [main] INFO  es.cursojava.inicio.interfaces.ejercicio.gestionVehiculos.Coche - Apagando Coche Seat Ibiza
16:49:02.427 [main] INFO  es.cursojava.inicio.interfaces.ejercicio.gestionVehiculos.Platano - Consultando Platano Platano canario
16:49:02.432 [main] INFO  es.cursojava.inicio.interfaces.ejercicio.gestionVehiculos.Movil - Insertando Movil Samsung Galaxy
16:49:02.433 [main] INFO  es.cursojava.inicio.interfaces.ejercicio.gestionVehiculos.Coche - Actualizando Coche Seat Ibiza
16:49:02.433 [main] INFO  es.cursojava.inicio.interfaces.ejercicio.gestionVehiculos.MountainBike - Eliminando MountainBike BiciCross 3.0
16:49:02.433 [main] INFO  es.cursojava.inicio.interfaces.ejercicio.gestionVehiculos.Movil - Encendiendo Movil Samsung Galaxy
16:49:02.433 [main] INFO  es.cursojava.inicio.interfaces.ejercicio.gestionVehiculos.Coche - Apagando Coche Seat Ibiza
16:54:52.523 [main] INFO  es.cursojava.inicio.interfaces.ejercicio.gestionVehiculos.Platano - Consultando Platano Platano canario
16:54:52.529 [main] INFO  es.cursojava.inicio.interfaces.ejercicio.gestionVehiculos.Movil - Insertando Movil Samsung Galaxy
16:54:52.530 [main] INFO  es.cursojava.inicio.interfaces.ejercicio.gestionVehiculos.Coche - Actualizando Coche Seat Ibiza
16:54:52.530 [main] INFO  es.cursojava.inicio.interfaces.ejercicio.gestionVehiculos.MountainBike - Eliminando MountainBike BiciCross 3.0
16:54:52.530 [main] INFO  es.cursojava.inicio.interfaces.ejercicio.gestionVehiculos.Movil - Encendiendo Movil Samsung Galaxy
16:54:52.531 [main] INFO  es.cursojava.inicio.interfaces.ejercicio.gestionVehiculos.Coche - Apagando Coche Seat Ibiza
17:03:04.988 [main] INFO  es.cursojava.inicio.interfaces.ejercicio.gestionVehiculos.Platano - Consultando Platano Platano canario
17:03:04.994 [main] INFO  es.cursojava.inicio.interfaces.ejercicio.gestionVehiculos.Movil - Insertando Movil Samsung Galaxy
17:03:04.994 [main] INFO  es.cursojava.inicio.interfaces.ejercicio.gestionVehiculos.Coche - Actualizando Coche Seat Ibiza
17:03:04.995 [main] INFO  es.cursojava.inicio.interfaces.ejercicio.gestionVehiculos.MountainBike - Eliminando MountainBike BiciCross 3.0
17:03:04.995 [main] INFO  es.cursojava.inicio.interfaces.ejercicio.gestionVehiculos.Movil - Encendiendo Movil Samsung Galaxy
17:03:04.995 [main] INFO  es.cursojava.inicio.interfaces.ejercicio.gestionVehiculos.Coche - Apagando Coche Seat Ibiza
17:03:22.821 [main] INFO  es.cursojava.inicio.interfaces.ejercicio.gestionVehiculos.Platano - Consultando Platano Platano canario
17:03:22.826 [main] INFO  es.cursojava.inicio.interfaces.ejercicio.gestionVehiculos.Movil - Insertando Movil Samsung Galaxy
17:03:22.827 [main] INFO  es.cursojava.inicio.interfaces.ejercicio.gestionVehiculos.Coche - Actualizando Coche Seat Ibiza
17:03:22.827 [main] INFO  es.cursojava.inicio.interfaces.ejercicio.gestionVehiculos.MountainBike - Eliminando MountainBike BiciCross 3.0
17:03:22.827 [main] INFO  es.cursojava.inicio.interfaces.ejercicio.gestionVehiculos.Movil - Encendiendo Movil Samsung Galaxy
17:03:22.828 [main] INFO  es.cursojava.inicio.interfaces.ejercicio.gestionVehiculos.Coche - Apagando Coche Seat Ibiza
